2024-07-21 15:29:26.239 INFO  [main][PortalContextLoaderListener:114] JVM arguments: --add-opens=java.base/java.lang=ALL-UNNAMED --add-opens=java.base/java.lang.invoke=ALL-UNNAMED --add-opens=java.base/java.lang.reflect=ALL-UNNAMED --add-opens=java.base/java.net=ALL-UNNAMED --add-opens=java.base/sun.net.www.protocol.http=ALL-UNNAMED --add-opens=java.base/sun.util.calendar=ALL-UNNAMED --add-opens=jdk.zipfs/jdk.nio.zipfs=ALL-UNNAMED --add-opens=java.base/java.lang=ALL-UNNAMED --add-opens=java.base/java.io=ALL-UNNAMED --add-opens=java.base/java.util=ALL-UNNAMED --add-opens=java.base/java.util.concurrent=ALL-UNNAMED --add-opens=java.rmi/sun.rmi.transport=ALL-UNNAMED -Djava.util.logging.config.file=/home/orng/Documents/sample-liferay-workspace/bundles/tomcat/conf/logging.properties -Djava.util.logging.manager=org.apache.juli.ClassLoaderLogManager -Djdk.tls.ephemeralDHKeySize=2048 -Djava.protocol.handler.pkgs=org.apache.catalina.webresources -Dorg.apache.catalina.security.SecurityListener.UMASK=0027 -Dfile.encoding=UTF-8 -Djava.locale.providers=JRE,COMPAT,CLDR -Djava.net.preferIPv4Stack=true -Duser.timezone=GMT -Xms2560m -Xmx2560m -XX:MaxNewSize=1536m -XX:MaxMetaspaceSize=768m -XX:MetaspaceSize=768m -XX:NewSize=1536m -XX:SurvivorRatio=7 -Dignore.endorsed.dirs= -Dcatalina.base=/home/orng/Documents/sample-liferay-workspace/bundles/tomcat -Dcatalina.home=/home/orng/Documents/sample-liferay-workspace/bundles/tomcat -Djava.io.tmpdir=/home/orng/Documents/sample-liferay-workspace/bundles/tomcat/temp
2024-07-21 15:29:30.716 WARN  [SystemExecutorServiceUtil-1][DialectDetector:73] Liferay is configured to use Hypersonic as its database. Do NOT use Hypersonic in production. Hypersonic is an embedded database useful for development and demonstration purposes. The database settings can be changed in portal-ext.properties.
2024-07-21 15:29:30.718 INFO  [SystemExecutorServiceUtil-1][DialectDetector:144] Using dialect com.liferay.portal.dao.orm.hibernate.HSQLDialect for HSQL Database Engine 2.7
2024-07-21 15:29:30.814 INFO  [main][ModuleFrameworkImpl:1352] Starting initial bundles
2024-07-21 15:29:32.441 INFO  [SystemExecutorServiceUtil-4][InterpolationConfigurationPlugin:109] Configured directory for secrets: /home/orng/Documents/sample-liferay-workspace/bundles/osgi/configs
2024-07-21 15:29:32.765 INFO  [main][ModuleFrameworkImpl:1642] Started initial bundles
2024-07-21 15:29:32.766 INFO  [main][ModuleFrameworkImpl:1687] Starting dynamic bundles
2024-07-21 15:29:34.245 WARN  [Start Level: Equinox Container: e8c5e4c3-3fff-4277-ba9e-ee64530ec0ee][SidecarManager:72] Liferay automatically starts a child process of Elasticsearch named sidecar for convenient development and demonstration purposes. Do NOT use sidecar in production. Refer to the documentation for details on the limitations of sidecar and instructions on configuring a remote Elasticsearch connection in the Control Panel.
2024-07-21 15:29:38.759 INFO  [main][ModuleFrameworkImpl:1710] Started dynamic bundles
2024-07-21 15:29:38.759 INFO  [main][ModuleFrameworkImpl:1717] Starting web bundles
2024-07-21 15:29:40.044 INFO  [main][ModuleFrameworkImpl:1771] Started web bundles
2024-07-21 15:29:40.045 INFO  [main][ModuleFrameworkImpl:283] Navigate to Control Panel > System > Gogo Shell and enter "lb" to see all bundles
2024-07-21 15:29:41.074 INFO  [main][StartupHelperUtil:97] There are no patches installed
2024-07-21 15:29:41.216 INFO  [main][LoggingTimer:74] Starting com.liferay.portal.events.StartupHelperUtil#initResourceActions
2024-07-21 15:29:41.266 INFO  [main][LoggingTimer:35] Completed com.liferay.portal.events.StartupHelperUtil#initResourceActions in 49 ms
2024-07-21 15:29:41.777 INFO  [main][AutoDeployDir:152] Auto deploy scanner started for /home/orng/Documents/sample-liferay-workspace/bundles/deploy
2024-07-21 15:29:45.636 INFO  [SystemExecutorServiceUtil-4][Sidecar:103] Sidecar Elasticsearch liferay started at 127.0.0.1:9201
2024-07-21 15:29:50.167 INFO  [fileinstall-directory-watcher][BaseAutoDeployListener:34] Copying themes for /home/orng/Documents/sample-liferay-workspace/bundles/tomcat/temp/20240721152950101FURPZDLU/admin-theme.war
2024-07-21 15:29:50.555 INFO  [fileinstall-directory-watcher][BaseAutoDeployListener:41] Themes for /home/orng/Documents/sample-liferay-workspace/bundles/tomcat/temp/20240721152950101FURPZDLU/admin-theme.war copied successfully
2024-07-21 15:29:52.224 INFO  [fileinstall-directory-watcher][BaseAutoDeployListener:34] Copying themes for /home/orng/Documents/sample-liferay-workspace/bundles/tomcat/temp/20240721152952204MOROCEUU/classic-theme.war
2024-07-21 15:29:52.612 INFO  [fileinstall-directory-watcher][BaseAutoDeployListener:41] Themes for /home/orng/Documents/sample-liferay-workspace/bundles/tomcat/temp/20240721152952204MOROCEUU/classic-theme.war copied successfully
2024-07-21 15:29:53.674 INFO  [fileinstall-directory-watcher][BaseAutoDeployListener:34] Copying themes for /home/orng/Documents/sample-liferay-workspace/bundles/tomcat/temp/20240721152953666RIIDUKQL/dialect-theme.war
2024-07-21 15:29:54.003 INFO  [fileinstall-directory-watcher][BaseAutoDeployListener:41] Themes for /home/orng/Documents/sample-liferay-workspace/bundles/tomcat/temp/20240721152953666RIIDUKQL/dialect-theme.war copied successfully
2024-07-21 15:29:54.848 INFO  [fileinstall-directory-watcher][BaseAutoDeployListener:34] Copying themes for /home/orng/Documents/sample-liferay-workspace/bundles/tomcat/temp/20240721152954836NWARQAAW/minium-theme.war
2024-07-21 15:29:55.203 INFO  [fileinstall-directory-watcher][BaseAutoDeployListener:41] Themes for /home/orng/Documents/sample-liferay-workspace/bundles/tomcat/temp/20240721152954836NWARQAAW/minium-theme.war copied successfully
2024-07-21 15:29:56.186 INFO  [fileinstall-directory-watcher][BaseAutoDeployListener:34] Copying themes for /home/orng/Documents/sample-liferay-workspace/bundles/tomcat/temp/20240721152956177DYSBUKDF/speedwell-theme.war
2024-07-21 15:29:56.498 INFO  [fileinstall-directory-watcher][BaseAutoDeployListener:41] Themes for /home/orng/Documents/sample-liferay-workspace/bundles/tomcat/temp/20240721152956177DYSBUKDF/speedwell-theme.war copied successfully
