2024-07-21 15:29:26.239 INFO  [main][PortalContextLoaderListener:114] JVM arguments: --add-opens=java.base/java.lang=ALL-UNNAMED --add-opens=java.base/java.lang.invoke=ALL-UNNAMED --add-opens=java.base/java.lang.reflect=ALL-UNNAMED --add-opens=java.base/java.net=ALL-UNNAMED --add-opens=java.base/sun.net.www.protocol.http=ALL-UNNAMED --add-opens=java.base/sun.util.calendar=ALL-UNNAMED --add-opens=jdk.zipfs/jdk.nio.zipfs=ALL-UNNAMED --add-opens=java.base/java.lang=ALL-UNNAMED --add-opens=java.base/java.io=ALL-UNNAMED --add-opens=java.base/java.util=ALL-UNNAMED --add-opens=java.base/java.util.concurrent=ALL-UNNAMED --add-opens=java.rmi/sun.rmi.transport=ALL-UNNAMED -Djava.util.logging.config.file=/home/orng/Documents/sample-liferay-workspace/bundles/tomcat/conf/logging.properties -Djava.util.logging.manager=org.apache.juli.ClassLoaderLogManager -Djdk.tls.ephemeralDHKeySize=2048 -Djava.protocol.handler.pkgs=org.apache.catalina.webresources -Dorg.apache.catalina.security.SecurityListener.UMASK=0027 -Dfile.encoding=UTF-8 -Djava.locale.providers=JRE,COMPAT,CLDR -Djava.net.preferIPv4Stack=true -Duser.timezone=GMT -Xms2560m -Xmx2560m -XX:MaxNewSize=1536m -XX:MaxMetaspaceSize=768m -XX:MetaspaceSize=768m -XX:NewSize=1536m -XX:SurvivorRatio=7 -Dignore.endorsed.dirs= -Dcatalina.base=/home/orng/Documents/sample-liferay-workspace/bundles/tomcat -Dcatalina.home=/home/orng/Documents/sample-liferay-workspace/bundles/tomcat -Djava.io.tmpdir=/home/orng/Documents/sample-liferay-workspace/bundles/tomcat/temp
2024-07-21 15:29:30.716 WARN  [SystemExecutorServiceUtil-1][DialectDetector:73] Liferay is configured to use Hypersonic as its database. Do NOT use Hypersonic in production. Hypersonic is an embedded database useful for development and demonstration purposes. The database settings can be changed in portal-ext.properties.
2024-07-21 15:29:30.718 INFO  [SystemExecutorServiceUtil-1][DialectDetector:144] Using dialect com.liferay.portal.dao.orm.hibernate.HSQLDialect for HSQL Database Engine 2.7
2024-07-21 15:29:30.814 INFO  [main][ModuleFrameworkImpl:1352] Starting initial bundles
2024-07-21 15:29:32.441 INFO  [SystemExecutorServiceUtil-4][InterpolationConfigurationPlugin:109] Configured directory for secrets: /home/orng/Documents/sample-liferay-workspace/bundles/osgi/configs
2024-07-21 15:29:32.765 INFO  [main][ModuleFrameworkImpl:1642] Started initial bundles
2024-07-21 15:29:32.766 INFO  [main][ModuleFrameworkImpl:1687] Starting dynamic bundles
2024-07-21 15:29:34.245 WARN  [Start Level: Equinox Container: e8c5e4c3-3fff-4277-ba9e-ee64530ec0ee][SidecarManager:72] Liferay automatically starts a child process of Elasticsearch named sidecar for convenient development and demonstration purposes. Do NOT use sidecar in production. Refer to the documentation for details on the limitations of sidecar and instructions on configuring a remote Elasticsearch connection in the Control Panel.
2024-07-21 15:29:38.759 INFO  [main][ModuleFrameworkImpl:1710] Started dynamic bundles
2024-07-21 15:29:38.759 INFO  [main][ModuleFrameworkImpl:1717] Starting web bundles
2024-07-21 15:29:40.044 INFO  [main][ModuleFrameworkImpl:1771] Started web bundles
2024-07-21 15:29:40.045 INFO  [main][ModuleFrameworkImpl:283] Navigate to Control Panel > System > Gogo Shell and enter "lb" to see all bundles
2024-07-21 15:29:41.074 INFO  [main][StartupHelperUtil:97] There are no patches installed
2024-07-21 15:29:41.216 INFO  [main][LoggingTimer:74] Starting com.liferay.portal.events.StartupHelperUtil#initResourceActions
2024-07-21 15:29:41.266 INFO  [main][LoggingTimer:35] Completed com.liferay.portal.events.StartupHelperUtil#initResourceActions in 49 ms
2024-07-21 15:29:41.777 INFO  [main][AutoDeployDir:152] Auto deploy scanner started for /home/orng/Documents/sample-liferay-workspace/bundles/deploy
2024-07-21 15:29:45.636 INFO  [SystemExecutorServiceUtil-4][Sidecar:103] Sidecar Elasticsearch liferay started at 127.0.0.1:9201
2024-07-21 15:29:50.167 INFO  [fileinstall-directory-watcher][BaseAutoDeployListener:34] Copying themes for /home/orng/Documents/sample-liferay-workspace/bundles/tomcat/temp/20240721152950101FURPZDLU/admin-theme.war
2024-07-21 15:29:50.555 INFO  [fileinstall-directory-watcher][BaseAutoDeployListener:41] Themes for /home/orng/Documents/sample-liferay-workspace/bundles/tomcat/temp/20240721152950101FURPZDLU/admin-theme.war copied successfully
2024-07-21 15:29:52.224 INFO  [fileinstall-directory-watcher][BaseAutoDeployListener:34] Copying themes for /home/orng/Documents/sample-liferay-workspace/bundles/tomcat/temp/20240721152952204MOROCEUU/classic-theme.war
2024-07-21 15:29:52.612 INFO  [fileinstall-directory-watcher][BaseAutoDeployListener:41] Themes for /home/orng/Documents/sample-liferay-workspace/bundles/tomcat/temp/20240721152952204MOROCEUU/classic-theme.war copied successfully
2024-07-21 15:29:53.674 INFO  [fileinstall-directory-watcher][BaseAutoDeployListener:34] Copying themes for /home/orng/Documents/sample-liferay-workspace/bundles/tomcat/temp/20240721152953666RIIDUKQL/dialect-theme.war
2024-07-21 15:29:54.003 INFO  [fileinstall-directory-watcher][BaseAutoDeployListener:41] Themes for /home/orng/Documents/sample-liferay-workspace/bundles/tomcat/temp/20240721152953666RIIDUKQL/dialect-theme.war copied successfully
2024-07-21 15:29:54.848 INFO  [fileinstall-directory-watcher][BaseAutoDeployListener:34] Copying themes for /home/orng/Documents/sample-liferay-workspace/bundles/tomcat/temp/20240721152954836NWARQAAW/minium-theme.war
2024-07-21 15:29:55.203 INFO  [fileinstall-directory-watcher][BaseAutoDeployListener:41] Themes for /home/orng/Documents/sample-liferay-workspace/bundles/tomcat/temp/20240721152954836NWARQAAW/minium-theme.war copied successfully
2024-07-21 15:29:56.186 INFO  [fileinstall-directory-watcher][BaseAutoDeployListener:34] Copying themes for /home/orng/Documents/sample-liferay-workspace/bundles/tomcat/temp/20240721152956177DYSBUKDF/speedwell-theme.war
2024-07-21 15:29:56.498 INFO  [fileinstall-directory-watcher][BaseAutoDeployListener:41] Themes for /home/orng/Documents/sample-liferay-workspace/bundles/tomcat/temp/20240721152956177DYSBUKDF/speedwell-theme.war copied successfully
2024-07-21 15:54:45.292 INFO  [main][PortalContextLoaderListener:114] JVM arguments: --add-opens=java.base/java.lang=ALL-UNNAMED --add-opens=java.base/java.lang.invoke=ALL-UNNAMED --add-opens=java.base/java.lang.reflect=ALL-UNNAMED --add-opens=java.base/java.net=ALL-UNNAMED --add-opens=java.base/sun.net.www.protocol.http=ALL-UNNAMED --add-opens=java.base/sun.util.calendar=ALL-UNNAMED --add-opens=jdk.zipfs/jdk.nio.zipfs=ALL-UNNAMED --add-opens=java.base/java.lang=ALL-UNNAMED --add-opens=java.base/java.io=ALL-UNNAMED --add-opens=java.base/java.util=ALL-UNNAMED --add-opens=java.base/java.util.concurrent=ALL-UNNAMED --add-opens=java.rmi/sun.rmi.transport=ALL-UNNAMED -Djava.util.logging.config.file=/home/orng/Documents/sample-liferay-workspace/bundles/tomcat/conf/logging.properties -Djava.util.logging.manager=org.apache.juli.ClassLoaderLogManager -Djdk.tls.ephemeralDHKeySize=2048 -Djava.protocol.handler.pkgs=org.apache.catalina.webresources -Dorg.apache.catalina.security.SecurityListener.UMASK=0027 -Dfile.encoding=UTF-8 -Djava.locale.providers=JRE,COMPAT,CLDR -Djava.net.preferIPv4Stack=true -Duser.timezone=GMT -Xms2560m -Xmx2560m -XX:MaxNewSize=1536m -XX:MaxMetaspaceSize=768m -XX:MetaspaceSize=768m -XX:NewSize=1536m -XX:SurvivorRatio=7 -Dignore.endorsed.dirs= -Dcatalina.base=/home/orng/Documents/sample-liferay-workspace/bundles/tomcat -Dcatalina.home=/home/orng/Documents/sample-liferay-workspace/bundles/tomcat -Djava.io.tmpdir=/home/orng/Documents/sample-liferay-workspace/bundles/tomcat/temp
2024-07-21 15:54:47.261 WARN  [SystemExecutorServiceUtil-1][DialectDetector:73] Liferay is configured to use Hypersonic as its database. Do NOT use Hypersonic in production. Hypersonic is an embedded database useful for development and demonstration purposes. The database settings can be changed in portal-ext.properties.
2024-07-21 15:54:47.263 INFO  [SystemExecutorServiceUtil-1][DialectDetector:144] Using dialect com.liferay.portal.dao.orm.hibernate.HSQLDialect for HSQL Database Engine 2.7
2024-07-21 15:54:47.373 INFO  [main][ModuleFrameworkImpl:1352] Starting initial bundles
2024-07-21 15:54:47.870 INFO  [SystemExecutorServiceUtil-1][InterpolationConfigurationPlugin:109] Configured directory for secrets: /home/orng/Documents/sample-liferay-workspace/bundles/osgi/configs
2024-07-21 15:54:48.216 INFO  [main][ModuleFrameworkImpl:1642] Started initial bundles
2024-07-21 15:54:48.217 INFO  [main][ModuleFrameworkImpl:1687] Starting dynamic bundles
2024-07-21 15:54:49.330 WARN  [Start Level: Equinox Container: 9fb7c860-cc2f-4262-baa1-90dcec9fce52][SidecarManager:72] Liferay automatically starts a child process of Elasticsearch named sidecar for convenient development and demonstration purposes. Do NOT use sidecar in production. Refer to the documentation for details on the limitations of sidecar and instructions on configuring a remote Elasticsearch connection in the Control Panel.
2024-07-21 15:54:52.916 INFO  [main][ModuleFrameworkImpl:1710] Started dynamic bundles
2024-07-21 15:54:52.916 INFO  [main][ModuleFrameworkImpl:1717] Starting web bundles
2024-07-21 15:54:54.588 INFO  [main][ModuleFrameworkImpl:1771] Started web bundles
2024-07-21 15:54:54.589 INFO  [main][ModuleFrameworkImpl:283] Navigate to Control Panel > System > Gogo Shell and enter "lb" to see all bundles
2024-07-21 15:54:55.833 INFO  [main][StartupHelperUtil:97] There are no patches installed
2024-07-21 15:54:56.240 INFO  [main][LoggingTimer:74] Starting com.liferay.portal.events.StartupHelperUtil#initResourceActions
2024-07-21 15:54:56.320 INFO  [main][LoggingTimer:35] Completed com.liferay.portal.events.StartupHelperUtil#initResourceActions in 80 ms
2024-07-21 15:54:57.539 INFO  [main][AutoDeployDir:152] Auto deploy scanner started for /home/orng/Documents/sample-liferay-workspace/bundles/deploy
2024-07-21 15:55:02.954 INFO  [SystemExecutorServiceUtil-4][Sidecar:103] Sidecar Elasticsearch liferay started at 127.0.0.1:9201
2024-07-21 15:55:09.867 INFO  [fileinstall-directory-watcher][BaseAutoDeployListener:34] Copying themes for /home/orng/Documents/sample-liferay-workspace/bundles/tomcat/temp/20240721155509693CESAZQOO/admin-theme.war
2024-07-21 15:55:10.361 INFO  [fileinstall-directory-watcher][BaseAutoDeployListener:41] Themes for /home/orng/Documents/sample-liferay-workspace/bundles/tomcat/temp/20240721155509693CESAZQOO/admin-theme.war copied successfully
2024-07-21 15:55:12.717 INFO  [fileinstall-directory-watcher][BaseAutoDeployListener:34] Copying themes for /home/orng/Documents/sample-liferay-workspace/bundles/tomcat/temp/20240721155512708YAEDBKAT/classic-theme.war
2024-07-21 15:55:13.052 INFO  [fileinstall-directory-watcher][BaseAutoDeployListener:41] Themes for /home/orng/Documents/sample-liferay-workspace/bundles/tomcat/temp/20240721155512708YAEDBKAT/classic-theme.war copied successfully
2024-07-21 15:55:14.100 INFO  [fileinstall-directory-watcher][BaseAutoDeployListener:34] Copying themes for /home/orng/Documents/sample-liferay-workspace/bundles/tomcat/temp/20240721155514090HNQYRUPZ/dialect-theme.war
2024-07-21 15:55:14.477 INFO  [fileinstall-directory-watcher][BaseAutoDeployListener:41] Themes for /home/orng/Documents/sample-liferay-workspace/bundles/tomcat/temp/20240721155514090HNQYRUPZ/dialect-theme.war copied successfully
2024-07-21 15:55:15.532 INFO  [fileinstall-directory-watcher][BaseAutoDeployListener:34] Copying themes for /home/orng/Documents/sample-liferay-workspace/bundles/tomcat/temp/20240721155515520UGKCVPDJ/minium-theme.war
2024-07-21 15:55:15.892 INFO  [fileinstall-directory-watcher][BaseAutoDeployListener:41] Themes for /home/orng/Documents/sample-liferay-workspace/bundles/tomcat/temp/20240721155515520UGKCVPDJ/minium-theme.war copied successfully
2024-07-21 15:55:16.924 INFO  [fileinstall-directory-watcher][BaseAutoDeployListener:34] Copying themes for /home/orng/Documents/sample-liferay-workspace/bundles/tomcat/temp/20240721155516911OJZHFAHX/speedwell-theme.war
2024-07-21 15:55:17.382 INFO  [fileinstall-directory-watcher][BaseAutoDeployListener:41] Themes for /home/orng/Documents/sample-liferay-workspace/bundles/tomcat/temp/20240721155516911OJZHFAHX/speedwell-theme.war copied successfully
2024-07-21 15:55:17.362 ERROR [http-nio-8080-exec-2][VirtualHostFilter:383] java.io.IOException: Broken pipe
org.apache.catalina.connector.ClientAbortException: java.io.IOException: Broken pipe
	at org.apache.catalina.connector.OutputBuffer.realWriteBytes(OutputBuffer.java:345) ~[catalina.jar:9.0.87]
	at org.apache.catalina.connector.OutputBuffer.appendByteArray(OutputBuffer.java:750) ~[catalina.jar:9.0.87]
	at org.apache.catalina.connector.OutputBuffer.append(OutputBuffer.java:671) ~[catalina.jar:9.0.87]
	at org.apache.catalina.connector.OutputBuffer.writeBytes(OutputBuffer.java:380) ~[catalina.jar:9.0.87]
	at org.apache.catalina.connector.OutputBuffer.write(OutputBuffer.java:358) ~[catalina.jar:9.0.87]
	at org.apache.catalina.connector.CoyoteOutputStream.write(CoyoteOutputStream.java:103) ~[catalina.jar:9.0.87]
	at com.liferay.portal.kernel.internal.servlet.RestrictedByteArrayCacheOutputStream.flush(RestrictedByteArrayCacheOutputStream.java:57) ~[portal-kernel.jar:?]
	at com.liferay.portal.kernel.servlet.RestrictedByteBufferCacheServletResponse.flushCache(RestrictedByteBufferCacheServletResponse.java:37) ~[portal-kernel.jar:?]
	at com.liferay.portal.servlet.filters.etag.ETagFilter._postProcessETag(ETagFilter.java:113) ~[portal-impl.jar:?]
	at com.liferay.portal.servlet.filters.etag.ETagFilter.processFilter(ETagFilter.java:93) ~[portal-impl.jar:?]
	at com.liferay.portal.kernel.servlet.BaseFilter.doFilter(BaseFilter.java:40) ~[portal-kernel.jar:?]
	at com.liferay.portal.kernel.servlet.filters.invoker.InvokerFilterChain.processDoFilter(InvokerFilterChain.java:204) ~[portal-kernel.jar:?]
	at com.liferay.portal.kernel.servlet.filters.invoker.InvokerFilterChain.doFilter(InvokerFilterChain.java:109) ~[portal-kernel.jar:?]
	at com.liferay.portal.kernel.servlet.BaseFilter.processFilter(BaseFilter.java:138) ~[portal-kernel.jar:?]
	at com.liferay.portal.servlet.filters.autologin.AutoLoginFilter.processFilter(AutoLoginFilter.java:253) ~[portal-impl.jar:?]
	at com.liferay.portal.kernel.servlet.BaseFilter.doFilter(BaseFilter.java:40) ~[portal-kernel.jar:?]
	at com.liferay.portal.kernel.servlet.filters.invoker.InvokerFilterChain.processDoFilter(InvokerFilterChain.java:204) ~[portal-kernel.jar:?]
	at com.liferay.portal.kernel.servlet.filters.invoker.InvokerFilterChain.doFilter(InvokerFilterChain.java:109) ~[portal-kernel.jar:?]
	at com.liferay.portal.kernel.servlet.BaseFilter.processFilter(BaseFilter.java:138) ~[portal-kernel.jar:?]
	at com.liferay.portal.monitoring.internal.servlet.filter.MonitoringFilter.processFilter(MonitoringFilter.java:116) ~[?:?]
	at com.liferay.portal.kernel.servlet.BaseFilter.doFilter(BaseFilter.java:40) ~[portal-kernel.jar:?]
	at com.liferay.portal.kernel.servlet.filters.invoker.InvokerFilterChain.processDoFilter(InvokerFilterChain.java:204) ~[portal-kernel.jar:?]
	at com.liferay.portal.kernel.servlet.filters.invoker.InvokerFilterChain.doFilter(InvokerFilterChain.java:109) ~[portal-kernel.jar:?]
	at org.tuckey.web.filters.urlrewrite.RuleChain.handleRewrite(RuleChain.java:176) ~[?:?]
	at org.tuckey.web.filters.urlrewrite.RuleChain.doRules(RuleChain.java:145) ~[?:?]
	at org.tuckey.web.filters.urlrewrite.UrlRewriter.processRequest(UrlRewriter.java:92) ~[?:?]
	at org.tuckey.web.filters.urlrewrite.UrlRewriteFilter.doFilter(UrlRewriteFilter.java:389) ~[?:?]
	at com.liferay.portal.url.rewrite.filter.internal.URLRewriteFilter.processFilter(URLRewriteFilter.java:86) ~[?:?]
	at com.liferay.portal.kernel.servlet.BaseFilter.doFilter(BaseFilter.java:40) ~[portal-kernel.jar:?]
	at com.liferay.portal.kernel.servlet.filters.invoker.InvokerFilterChain.processDoFilter(InvokerFilterChain.java:204) ~[portal-kernel.jar:?]
	at com.liferay.portal.kernel.servlet.filters.invoker.InvokerFilterChain.doFilter(InvokerFilterChain.java:109) ~[portal-kernel.jar:?]
	at com.liferay.portal.kernel.servlet.filters.invoker.InvokerFilter.doFilter(InvokerFilter.java:109) ~[portal-kernel.jar:?]
	at com.liferay.shielded.container.internal.proxy.FilterWrapper.doFilter(FilterWrapper.java:69) ~[com.liferay.shielded.container.impl.jar:?]
	at org.apache.catalina.core.ApplicationFilterChain.internalDoFilter(ApplicationFilterChain.java:179) ~[catalina.jar:9.0.87]
	at org.apache.catalina.core.ApplicationFilterChain.doFilter(ApplicationFilterChain.java:154) ~[catalina.jar:9.0.87]
	at org.apache.catalina.core.ApplicationDispatcher.invoke(ApplicationDispatcher.java:661) ~[catalina.jar:9.0.87]
	at org.apache.catalina.core.ApplicationDispatcher.processRequest(ApplicationDispatcher.java:425) ~[catalina.jar:9.0.87]
	at org.apache.catalina.core.ApplicationDispatcher.doForward(ApplicationDispatcher.java:357) ~[catalina.jar:9.0.87]
	at org.apache.catalina.core.ApplicationDispatcher.forward(ApplicationDispatcher.java:294) ~[catalina.jar:9.0.87]
	at com.liferay.portal.servlet.filters.virtualhost.VirtualHostFilter.processFilter(VirtualHostFilter.java:380) [portal-impl.jar:?]
	at com.liferay.portal.kernel.servlet.BaseFilter.doFilter(BaseFilter.java:40) [portal-kernel.jar:?]
	at com.liferay.portal.kernel.servlet.filters.invoker.InvokerFilterChain.processDoFilter(InvokerFilterChain.java:204) [portal-kernel.jar:?]
	at com.liferay.portal.kernel.servlet.filters.invoker.InvokerFilterChain.doFilter(InvokerFilterChain.java:109) [portal-kernel.jar:?]
	at com.liferay.portal.kernel.servlet.filters.invoker.InvokerFilterChain.processDirectCallFilter(InvokerFilterChain.java:189) [portal-kernel.jar:?]
	at com.liferay.portal.kernel.servlet.filters.invoker.InvokerFilterChain.doFilter(InvokerFilterChain.java:92) [portal-kernel.jar:?]
	at com.liferay.portal.kernel.servlet.filters.invoker.InvokerFilterChain.processDirectCallFilter(InvokerFilterChain.java:189) [portal-kernel.jar:?]
	at com.liferay.portal.kernel.servlet.filters.invoker.InvokerFilterChain.doFilter(InvokerFilterChain.java:92) [portal-kernel.jar:?]
	at org.tuckey.web.filters.urlrewrite.RuleChain.handleRewrite(RuleChain.java:176) [urlrewritefilter-4.0.4.jar:4.0.4]
	at org.tuckey.web.filters.urlrewrite.RuleChain.doRules(RuleChain.java:145) [urlrewritefilter-4.0.4.jar:4.0.4]
	at org.tuckey.web.filters.urlrewrite.UrlRewriter.processRequest(UrlRewriter.java:92) [urlrewritefilter-4.0.4.jar:4.0.4]
	at org.tuckey.web.filters.urlrewrite.UrlRewriteFilter.doFilter(UrlRewriteFilter.java:389) [urlrewritefilter-4.0.4.jar:4.0.4]
	at com.liferay.portal.url.rewrite.filter.internal.URLRewriteFilter.processFilter(URLRewriteFilter.java:86) [bundleFile:?]
	at com.liferay.portal.kernel.servlet.BaseFilter.doFilter(BaseFilter.java:40) [portal-kernel.jar:?]
	at com.liferay.portal.kernel.servlet.filters.invoker.InvokerFilterChain.processDoFilter(InvokerFilterChain.java:204) [portal-kernel.jar:?]
	at com.liferay.portal.kernel.servlet.filters.invoker.InvokerFilterChain.doFilter(InvokerFilterChain.java:109) [portal-kernel.jar:?]
	at com.liferay.portal.kernel.servlet.filters.invoker.InvokerFilterChain.processDirectCallFilter(InvokerFilterChain.java:168) [portal-kernel.jar:?]
	at com.liferay.portal.kernel.servlet.filters.invoker.InvokerFilterChain.doFilter(InvokerFilterChain.java:92) [portal-kernel.jar:?]
	at com.liferay.portal.kernel.servlet.filters.invoker.InvokerFilterChain.processDirectCallFilter(InvokerFilterChain.java:168) [portal-kernel.jar:?]
	at com.liferay.portal.kernel.servlet.filters.invoker.InvokerFilterChain.doFilter(InvokerFilterChain.java:92) [portal-kernel.jar:?]
	at com.liferay.portal.kernel.servlet.filters.invoker.InvokerFilterChain.processDirectCallFilter(InvokerFilterChain.java:189) [portal-kernel.jar:?]
	at com.liferay.portal.kernel.servlet.filters.invoker.InvokerFilterChain.doFilter(InvokerFilterChain.java:92) [portal-kernel.jar:?]
	at com.liferay.portal.kernel.servlet.filters.invoker.InvokerFilter.doFilter(InvokerFilter.java:109) [portal-kernel.jar:?]
	at com.liferay.shielded.container.internal.proxy.FilterWrapper.doFilter(FilterWrapper.java:69) [com.liferay.shielded.container.impl.jar:?]
	at org.apache.catalina.core.ApplicationFilterChain.internalDoFilter(ApplicationFilterChain.java:179) [catalina.jar:9.0.87]
	at org.apache.catalina.core.ApplicationFilterChain.doFilter(ApplicationFilterChain.java:154) [catalina.jar:9.0.87]
	at org.apache.catalina.core.StandardWrapperValve.invoke(StandardWrapperValve.java:168) [catalina.jar:9.0.87]
	at org.apache.catalina.core.StandardContextValve.invoke(StandardContextValve.java:90) [catalina.jar:9.0.87]
	at org.apache.catalina.authenticator.AuthenticatorBase.invoke(AuthenticatorBase.java:481) [catalina.jar:9.0.87]
	at org.apache.catalina.core.StandardHostValve.invoke(StandardHostValve.java:130) [catalina.jar:9.0.87]
	at org.apache.catalina.valves.ErrorReportValve.invoke(ErrorReportValve.java:93) [catalina.jar:9.0.87]
	at org.apache.catalina.core.StandardEngineValve.invoke(StandardEngineValve.java:74) [catalina.jar:9.0.87]
	at org.apache.catalina.connector.CoyoteAdapter.service(CoyoteAdapter.java:346) [catalina.jar:9.0.87]
	at org.apache.coyote.http11.Http11Processor.service(Http11Processor.java:390) [tomcat-coyote.jar:9.0.87]
	at org.apache.coyote.AbstractProcessorLight.process(AbstractProcessorLight.java:63) [tomcat-coyote.jar:9.0.87]
	at org.apache.coyote.AbstractProtocol$ConnectionHandler.process(AbstractProtocol.java:928) [tomcat-coyote.jar:9.0.87]
	at org.apache.tomcat.util.net.NioEndpoint$SocketProcessor.doRun(NioEndpoint.java:1786) [tomcat-coyote.jar:9.0.87]
	at org.apache.tomcat.util.net.SocketProcessorBase.run(SocketProcessorBase.java:52) [tomcat-coyote.jar:9.0.87]
	at org.apache.tomcat.util.threads.ThreadPoolExecutor.runWorker(ThreadPoolExecutor.java:1191) [tomcat-util.jar:9.0.87]
	at org.apache.tomcat.util.threads.ThreadPoolExecutor$Worker.run(ThreadPoolExecutor.java:659) [tomcat-util.jar:9.0.87]
	at org.apache.tomcat.util.threads.TaskThread$WrappingRunnable.run(TaskThread.java:63) [tomcat-util.jar:9.0.87]
	at java.lang.Thread.run(Thread.java:834) [?:?]
Caused by: java.io.IOException: Broken pipe
	at sun.nio.ch.FileDispatcherImpl.write0(Native Method) ~[?:?]
	at sun.nio.ch.SocketDispatcher.write(SocketDispatcher.java:47) ~[?:?]
	at sun.nio.ch.IOUtil.writeFromNativeBuffer(IOUtil.java:113) ~[?:?]
	at sun.nio.ch.IOUtil.write(IOUtil.java:79) ~[?:?]
	at sun.nio.ch.IOUtil.write(IOUtil.java:50) ~[?:?]
	at sun.nio.ch.SocketChannelImpl.write(SocketChannelImpl.java:466) ~[?:?]
	at org.apache.tomcat.util.net.NioChannel.write(NioChannel.java:136) ~[tomcat-coyote.jar:9.0.87]
	at org.apache.tomcat.util.net.NioEndpoint$NioSocketWrapper.doWrite(NioEndpoint.java:1423) ~[tomcat-coyote.jar:9.0.87]
	at org.apache.tomcat.util.net.SocketWrapperBase.doWrite(SocketWrapperBase.java:775) ~[tomcat-coyote.jar:9.0.87]
	at org.apache.tomcat.util.net.SocketWrapperBase.writeBlocking(SocketWrapperBase.java:600) ~[tomcat-coyote.jar:9.0.87]
	at org.apache.tomcat.util.net.SocketWrapperBase.write(SocketWrapperBase.java:544) ~[tomcat-coyote.jar:9.0.87]
	at org.apache.coyote.http11.Http11OutputBuffer$SocketOutputBuffer.doWrite(Http11OutputBuffer.java:540) ~[tomcat-coyote.jar:9.0.87]
	at org.apache.coyote.http11.filters.IdentityOutputFilter.doWrite(IdentityOutputFilter.java:73) ~[tomcat-coyote.jar:9.0.87]
	at org.apache.coyote.http11.Http11OutputBuffer.doWrite(Http11OutputBuffer.java:193) ~[tomcat-coyote.jar:9.0.87]
	at org.apache.coyote.Response.doWrite(Response.java:608) ~[tomcat-coyote.jar:9.0.87]
	at org.apache.catalina.connector.OutputBuffer.realWriteBytes(OutputBuffer.java:333) ~[catalina.jar:9.0.87]
	... 80 more
